2025-03-27 14:00:54 DEBUG POIXMLFactory:65 - using default POIXMLDocumentPart for http://schemas.openxmlformats.org/officeDocument/2006/relationships/printerSettings
2025-03-27 14:00:54 DEBUG PackageRelationshipCollection:309 - Parsing relationship: /xl/_rels/workbook.xml.rels
2025-03-27 14:00:54 DEBUG PackageRelationshipCollection:309 - Parsing relationship: /xl/worksheets/_rels/sheet1.xml.rels
2025-03-27 14:00:54 DEBUG PackageRelationshipCollection:309 - Parsing relationship: /_rels/.rels
2025-03-27 14:00:54 DEBUG POIXMLFactory:65 - using default POIXMLDocumentPart for http://schemas.openxmlformats.org/officeDocument/2006/relationships/printerSettings
2025-03-27 14:00:54 DEBUG PackageRelationshipCollection:309 - Parsing relationship: /xl/_rels/workbook.xml.rels
2025-03-27 14:00:54 DEBUG PackageRelationshipCollection:309 - Parsing relationship: /xl/worksheets/_rels/sheet1.xml.rels
2025-03-27 14:00:54 DEBUG PackageRelationshipCollection:309 - Parsing relationship: /_rels/.rels
2025-03-27 14:00:54 DEBUG POIXMLFactory:65 - using default POIXMLDocumentPart for http://schemas.openxmlformats.org/officeDocument/2006/relationships/printerSettings
2025-03-27 14:00:54 DEBUG PackageRelationshipCollection:309 - Parsing relationship: /xl/_rels/workbook.xml.rels
2025-03-27 14:00:54 DEBUG PackageRelationshipCollection:309 - Parsing relationship: /xl/worksheets/_rels/sheet1.xml.rels
2025-03-27 14:00:54 DEBUG PackageRelationshipCollection:309 - Parsing relationship: /_rels/.rels
2025-03-27 14:00:54 DEBUG POIXMLFactory:65 - using default POIXMLDocumentPart for http://schemas.openxmlformats.org/officeDocument/2006/relationships/printerSettings
2025-03-27 14:00:54 DEBUG PackageRelationshipCollection:309 - Parsing relationship: /xl/_rels/workbook.xml.rels
2025-03-27 14:00:54 DEBUG PackageRelationshipCollection:309 - Parsing relationship: /xl/worksheets/_rels/sheet1.xml.rels
2025-03-27 14:00:54 DEBUG PackageRelationshipCollection:309 - Parsing relationship: /_rels/.rels
2025-03-27 14:00:54 DEBUG POIXMLFactory:65 - using default POIXMLDocumentPart for http://schemas.openxmlformats.org/officeDocument/2006/relationships/printerSettings
2025-03-27 14:00:54 INFO  TC003_LoginDDT:23 - ***start testcase***
2025-03-27 14:00:56 INFO  TC003_LoginDDT:66 - ******test fail***********
2025-03-27 14:00:56 INFO  TC003_LoginDDT:23 - ***start testcase***
2025-03-27 14:00:58 INFO  TC003_LoginDDT:23 - ***start testcase***
2025-03-27 14:00:58 INFO  TC003_LoginDDT:23 - ***start testcase***
2025-03-27 14:00:58 INFO  TC003_LoginDDT:23 - ***start testcase***
